Build started 18/02/2012 10:55:03 AM.
     1>Project "C:\CPlusPlus\Format_Cout_2\Format_Cout_2\Format_Cout_2.vcxproj" on node 2 (build target(s)).
     1>InitializeBuildStatus:
         Touching "Debug\Format_Cout_2.unsuccessfulbuild".
       ClCompile:
         c:\Program Files (x86)\Microsoft Visual Studio 10.0\VC\bin\CL.exe /c /ZI /nologo /W3 /WX- /Od /Oy- /D WIN32 /D _DEBUG /D _CONSOLE /D _UNICODE /D UNICODE /Gm /EHsc /RTC1 /MDd /GS /fp:precise /Zc:wchar_t /Zc:forScope /Fo"Debug\\" /Fd"Debug\vc100.pdb" /Gd /TP /analyze- /errorReport:prompt ..\..\FormatCout\FormatCout.cpp
         FormatCout.cpp
       ManifestResourceCompile:
         C:\Program Files (x86)\Microsoft SDKs\Windows\v7.0A\bin\rc.exe /nologo /fo"Debug\Format_Cout_2.exe.embed.manifest.res" Debug\Format_Cout_2_manifest.rc 
       Link:
         c:\Program Files (x86)\Microsoft Visual Studio 10.0\VC\bin\link.exe /ERRORREPORT:PROMPT /OUT:"C:\CPlusPlus\Format_Cout_2\Format_Cout_2\Debug\Format_Cout_2.exe" /INCREMENTAL /NOLOGO kernel32.lib user32.lib gdi32.lib winspool.lib comdlg32.lib advapi32.lib shell32.lib ole32.lib oleaut32.lib uuid.lib odbc32.lib odbccp32.lib /MANIFEST /ManifestFile:"Debug\Format_Cout_2.exe.intermediate.manifest" /MANIFESTUAC:"level='asInvoker' uiAccess='false'" /DEBUG /PDB:"C:\CPlusPlus\Format_Cout_2\Format_Cout_2\Debug\Format_Cout_2.pdb" /SUBSYSTEM:CONSOLE /TLBID:1 /DYNAMICBASE /NXCOMPAT /IMPLIB:"C:\CPlusPlus\Format_Cout_2\Format_Cout_2\Debug\Format_Cout_2.lib" /MACHINE:X86 Debug\Format_Cout_2.exe.embed.manifest.res
         Debug\FormatCout.obj
       Manifest:
         C:\Program Files (x86)\Microsoft SDKs\Windows\v7.0A\bin\mt.exe /nologo /verbose /out:"Debug\Format_Cout_2.exe.embed.manifest" /manifest Debug\Format_Cout_2.exe.intermediate.manifest
         C:\Program Files (x86)\Microsoft SDKs\Windows\v7.0A\bin\rc.exe /nologo /fo"Debug\Format_Cout_2.exe.embed.manifest.res" Debug\Format_Cout_2_manifest.rc 
       LinkEmbedManifest:
         c:\Program Files (x86)\Microsoft Visual Studio 10.0\VC\bin\link.exe /ERRORREPORT:PROMPT /OUT:"C:\CPlusPlus\Format_Cout_2\Format_Cout_2\Debug\Format_Cout_2.exe" /INCREMENTAL /NOLOGO kernel32.lib user32.lib gdi32.lib winspool.lib comdlg32.lib advapi32.lib shell32.lib ole32.lib oleaut32.lib uuid.lib odbc32.lib odbccp32.lib /MANIFEST /ManifestFile:"Debug\Format_Cout_2.exe.intermediate.manifest" /MANIFESTUAC:"level='asInvoker' uiAccess='false'" /DEBUG /PDB:"C:\CPlusPlus\Format_Cout_2\Format_Cout_2\Debug\Format_Cout_2.pdb" /SUBSYSTEM:CONSOLE /TLBID:1 /DYNAMICBASE /NXCOMPAT /IMPLIB:"C:\CPlusPlus\Format_Cout_2\Format_Cout_2\Debug\Format_Cout_2.lib" /MACHINE:X86 Debug\Format_Cout_2.exe.embed.manifest.res
         Debug\FormatCout.obj
         Format_Cout_2.vcxproj -> C:\CPlusPlus\Format_Cout_2\Format_Cout_2\Debug\Format_Cout_2.exe
       FinalizeBuildStatus:
         Deleting file "Debug\Format_Cout_2.unsuccessfulbuild".
         Touching "Debug\Format_Cout_2.lastbuildstate".
     1>Done Building Project "C:\CPlusPlus\Format_Cout_2\Format_Cout_2\Format_Cout_2.vcxproj" (build target(s)).

Build succeeded.

Time Elapsed 00:00:02.88
