Build started 14/03/2012 12:03:49 PM.
     1>Project "C:\CPlusPlus\ProjectOne\ProjectOne\ProjectOne.vcxproj" on node 2 (build target(s)).
     1>PrepareForBuild:
         Creating directory "C:\CPlusPlus\ProjectOne\Debug\".
       InitializeBuildStatus:
         Creating "Debug\ProjectOne.unsuccessfulbuild" because "AlwaysCreate" was specified.
       ClCompile:
         c:\Program Files (x86)\Microsoft Visual Studio 10.0\VC\bin\CL.exe /c /ZI /nologo /W3 /WX- /Od /Oy- /D WIN32 /D _DEBUG /D _CONSOLE /D _UNICODE /D UNICODE /Gm /EHsc /RTC1 /MDd /GS /fp:precise /Zc:wchar_t /Zc:forScope /Fo"Debug\\" /Fd"Debug\vc100.pdb" /Gd /TP /analyze- /errorReport:prompt stats.cpp
         stats.cpp
       ManifestResourceCompile:
         C:\Program Files (x86)\Microsoft SDKs\Windows\v7.0A\bin\rc.exe /nologo /fo"Debug\ProjectOne.exe.embed.manifest.res" Debug\ProjectOne_manifest.rc 
       Link:
         c:\Program Files (x86)\Microsoft Visual Studio 10.0\VC\bin\link.exe /ERRORREPORT:PROMPT /OUT:"C:\CPlusPlus\ProjectOne\Debug\ProjectOne.exe" /INCREMENTAL /NOLOGO kernel32.lib user32.lib gdi32.lib winspool.lib comdlg32.lib advapi32.lib shell32.lib ole32.lib oleaut32.lib uuid.lib odbc32.lib odbccp32.lib /MANIFEST /ManifestFile:"Debug\ProjectOne.exe.intermediate.manifest" /MANIFESTUAC:"level='asInvoker' uiAccess='false'" /DEBUG /PDB:"C:\CPlusPlus\ProjectOne\Debug\ProjectOne.pdb" /SUBSYSTEM:CONSOLE /TLBID:1 /DYNAMICBASE /NXCOMPAT /IMPLIB:"C:\CPlusPlus\ProjectOne\Debug\ProjectOne.lib" /MACHINE:X86 Debug\ProjectOne.exe.embed.manifest.res
         Debug\stats.obj
       Manifest:
         C:\Program Files (x86)\Microsoft SDKs\Windows\v7.0A\bin\mt.exe /nologo /verbose /out:"Debug\ProjectOne.exe.embed.manifest" /manifest Debug\ProjectOne.exe.intermediate.manifest
         C:\Program Files (x86)\Microsoft SDKs\Windows\v7.0A\bin\rc.exe /nologo /fo"Debug\ProjectOne.exe.embed.manifest.res" Debug\ProjectOne_manifest.rc 
       LinkEmbedManifest:
         c:\Program Files (x86)\Microsoft Visual Studio 10.0\VC\bin\link.exe /ERRORREPORT:PROMPT /OUT:"C:\CPlusPlus\ProjectOne\Debug\ProjectOne.exe" /INCREMENTAL /NOLOGO kernel32.lib user32.lib gdi32.lib winspool.lib comdlg32.lib advapi32.lib shell32.lib ole32.lib oleaut32.lib uuid.lib odbc32.lib odbccp32.lib /MANIFEST /ManifestFile:"Debug\ProjectOne.exe.intermediate.manifest" /MANIFESTUAC:"level='asInvoker' uiAccess='false'" /DEBUG /PDB:"C:\CPlusPlus\ProjectOne\Debug\ProjectOne.pdb" /SUBSYSTEM:CONSOLE /TLBID:1 /DYNAMICBASE /NXCOMPAT /IMPLIB:"C:\CPlusPlus\ProjectOne\Debug\ProjectOne.lib" /MACHINE:X86 Debug\ProjectOne.exe.embed.manifest.res
         Debug\stats.obj
         ProjectOne.vcxproj -> C:\CPlusPlus\ProjectOne\Debug\ProjectOne.exe
       FinalizeBuildStatus:
         Deleting file "Debug\ProjectOne.unsuccessfulbuild".
         Touching "Debug\ProjectOne.lastbuildstate".
     1>Done Building Project "C:\CPlusPlus\ProjectOne\ProjectOne\ProjectOne.vcxproj" (build target(s)).

Build succeeded.

Time Elapsed 00:00:08.05
