Build started 05/01/2012 4:44:15 PM.
     1>Project "C:\CPlusPlus\MyFunctions\MyFunctions\MyFunctions.vcxproj" on node 2 (rebuild target(s)).
     1>_PrepareForClean:
         Deleting file "Debug\MyFunctions.lastbuildstate".
       InitializeBuildStatus:
         Touching "Debug\MyFunctions.unsuccessfulbuild".
       ClCompile:
         c:\Program Files (x86)\Microsoft Visual Studio 10.0\VC\bin\CL.exe /c /ZI /nologo /W3 /WX- /Od /Oy- /D WIN32 /D _DEBUG /D _CONSOLE /D _UNICODE /D UNICODE /Gm /EHsc /RTC1 /MDd /GS /fp:precise /Zc:wchar_t /Zc:forScope /Fo"Debug\\" /Fd"Debug\vc100.pdb" /Gd /TP /analyze- /errorReport:prompt MyFunctions.cpp
         MyFunctions.cpp
       ManifestResourceCompile:
         C:\Program Files (x86)\Microsoft SDKs\Windows\v7.0A\bin\rc.exe /nologo /fo"Debug\MyFunctions.exe.embed.manifest.res" Debug\MyFunctions_manifest.rc 
       Link:
         c:\Program Files (x86)\Microsoft Visual Studio 10.0\VC\bin\link.exe /ERRORREPORT:PROMPT /OUT:"C:\CPlusPlus\MyFunctions\Debug\MyFunctions.exe" /INCREMENTAL /NOLOGO kernel32.lib user32.lib gdi32.lib winspool.lib comdlg32.lib advapi32.lib shell32.lib ole32.lib oleaut32.lib uuid.lib odbc32.lib odbccp32.lib /MANIFEST /ManifestFile:"Debug\MyFunctions.exe.intermediate.manifest" /MANIFESTUAC:"level='asInvoker' uiAccess='false'" /DEBUG /PDB:"C:\CPlusPlus\MyFunctions\Debug\MyFunctions.pdb" /SUBSYSTEM:CONSOLE /TLBID:1 /DYNAMICBASE /NXCOMPAT /IMPLIB:"C:\CPlusPlus\MyFunctions\Debug\MyFunctions.lib" /MACHINE:X86 Debug\MyFunctions.exe.embed.manifest.res
         Debug\MyFunctions.obj
       Manifest:
         Deleting file "Debug\MyFunctions.exe.embed.manifest".
         C:\Program Files (x86)\Microsoft SDKs\Windows\v7.0A\bin\mt.exe /nologo /verbose /out:"Debug\MyFunctions.exe.embed.manifest" /manifest Debug\MyFunctions.exe.intermediate.manifest
         C:\Program Files (x86)\Microsoft SDKs\Windows\v7.0A\bin\rc.exe /nologo /fo"Debug\MyFunctions.exe.embed.manifest.res" Debug\MyFunctions_manifest.rc 
       LinkEmbedManifest:
         c:\Program Files (x86)\Microsoft Visual Studio 10.0\VC\bin\link.exe /ERRORREPORT:PROMPT /OUT:"C:\CPlusPlus\MyFunctions\Debug\MyFunctions.exe" /INCREMENTAL /NOLOGO kernel32.lib user32.lib gdi32.lib winspool.lib comdlg32.lib advapi32.lib shell32.lib ole32.lib oleaut32.lib uuid.lib odbc32.lib odbccp32.lib /MANIFEST /ManifestFile:"Debug\MyFunctions.exe.intermediate.manifest" /MANIFESTUAC:"level='asInvoker' uiAccess='false'" /DEBUG /PDB:"C:\CPlusPlus\MyFunctions\Debug\MyFunctions.pdb" /SUBSYSTEM:CONSOLE /TLBID:1 /DYNAMICBASE /NXCOMPAT /IMPLIB:"C:\CPlusPlus\MyFunctions\Debug\MyFunctions.lib" /MACHINE:X86 Debug\MyFunctions.exe.embed.manifest.res
         Debug\MyFunctions.obj
         MyFunctions.vcxproj -> C:\CPlusPlus\MyFunctions\Debug\MyFunctions.exe
       FinalizeBuildStatus:
         Deleting file "Debug\MyFunctions.unsuccessfulbuild".
         Touching "Debug\MyFunctions.lastbuildstate".
     1>Done Building Project "C:\CPlusPlus\MyFunctions\MyFunctions\MyFunctions.vcxproj" (rebuild target(s)).

Build succeeded.

Time Elapsed 00:00:01.82
