Build started 21/02/2012 10:44:32 AM.
     1>Project "C:\CPlusPlus\Load_Vector\Load_Vector\Load_Vector.vcxproj" on node 2 (build target(s)).
     1>InitializeBuildStatus:
         Creating "Debug\Load_Vector.unsuccessfulbuild" because "AlwaysCreate" was specified.
       ClCompile:
         c:\Program Files (x86)\Microsoft Visual Studio 10.0\VC\bin\CL.exe /c /ZI /nologo /W3 /WX- /Od /Oy- /D WIN32 /D _DEBUG /D _CONSOLE /D _UNICODE /D UNICODE /Gm /EHsc /RTC1 /MDd /GS /fp:precise /Zc:wchar_t /Zc:forScope /Fo"Debug\\" /Fd"Debug\vc100.pdb" /Gd /TP /analyze- /errorReport:prompt Load_Vector.cpp
         Load_Vector.cpp
       ManifestResourceCompile:
         All outputs are up-to-date.
       Link:
         c:\Program Files (x86)\Microsoft Visual Studio 10.0\VC\bin\link.exe /ERRORREPORT:PROMPT /OUT:"C:\CPlusPlus\Load_Vector\Debug\Load_Vector.exe" /INCREMENTAL /NOLOGO kernel32.lib user32.lib gdi32.lib winspool.lib comdlg32.lib advapi32.lib shell32.lib ole32.lib oleaut32.lib uuid.lib odbc32.lib odbccp32.lib /MANIFEST /ManifestFile:"Debug\Load_Vector.exe.intermediate.manifest" /MANIFESTUAC:"level='asInvoker' uiAccess='false'" /DEBUG /PDB:"C:\CPlusPlus\Load_Vector\Debug\Load_Vector.pdb" /SUBSYSTEM:CONSOLE /TLBID:1 /DYNAMICBASE /NXCOMPAT /IMPLIB:"C:\CPlusPlus\Load_Vector\Debug\Load_Vector.lib" /MACHINE:X86 Debug\Load_Vector.exe.embed.manifest.res
         Debug\Load_Vector.obj
       Manifest:
         C:\Program Files (x86)\Microsoft SDKs\Windows\v7.0A\bin\mt.exe /nologo /verbose /out:"Debug\Load_Vector.exe.embed.manifest" /manifest Debug\Load_Vector.exe.intermediate.manifest
         All outputs are up-to-date.
       LinkEmbedManifest:
         All outputs are up-to-date.
         Load_Vector.vcxproj -> C:\CPlusPlus\Load_Vector\Debug\Load_Vector.exe
       FinalizeBuildStatus:
         Deleting file "Debug\Load_Vector.unsuccessfulbuild".
         Touching "Debug\Load_Vector.lastbuildstate".
     1>Done Building Project "C:\CPlusPlus\Load_Vector\Load_Vector\Load_Vector.vcxproj" (build target(s)).

Build succeeded.

Time Elapsed 00:00:01.96
