Build started 16/02/2012 5:25:06 PM.
     1>Project "C:\CPlusPlus\Populate_Vector_With_Argument\Populate_Vector_With_Argument\Populate_Vector_With_Argument.vcxproj" on node 2 (build target(s)).
     1>InitializeBuildStatus:
         Touching "Debug\Populate_Vector_With_Argument.unsuccessfulbuild".
       ClCompile:
         c:\Program Files (x86)\Microsoft Visual Studio 10.0\VC\bin\CL.exe /c /ZI /nologo /W3 /WX- /Od /Oy- /D WIN32 /D _DEBUG /D _CONSOLE /D _UNICODE /D UNICODE /Gm /EHsc /RTC1 /MDd /GS /fp:precise /Zc:wchar_t /Zc:forScope /Fo"Debug\\" /Fd"Debug\vc100.pdb" /Gd /TP /analyze- /errorReport:prompt Populate_Vector_With_Argument.cpp
         Populate_Vector_With_Argument.cpp
       ManifestResourceCompile:
         All outputs are up-to-date.
       Link:
         c:\Program Files (x86)\Microsoft Visual Studio 10.0\VC\bin\link.exe /ERRORREPORT:PROMPT /OUT:"C:\CPlusPlus\Populate_Vector_With_Argument\Debug\Populate_Vector_With_Argument.exe" /INCREMENTAL /NOLOGO kernel32.lib user32.lib gdi32.lib winspool.lib comdlg32.lib advapi32.lib shell32.lib ole32.lib oleaut32.lib uuid.lib odbc32.lib odbccp32.lib /MANIFEST /ManifestFile:"Debug\Populate_Vector_With_Argument.exe.intermediate.manifest" /MANIFESTUAC:"level='asInvoker' uiAccess='false'" /DEBUG /PDB:"C:\CPlusPlus\Populate_Vector_With_Argument\Debug\Populate_Vector_With_Argument.pdb" /SUBSYSTEM:CONSOLE /TLBID:1 /DYNAMICBASE /NXCOMPAT /IMPLIB:"C:\CPlusPlus\Populate_Vector_With_Argument\Debug\Populate_Vector_With_Argument.lib" /MACHINE:X86 Debug\Populate_Vector_With_Argument.exe.embed.manifest.res
         Debug\Populate_Vector_With_Argument.obj
       Manifest:
         C:\Program Files (x86)\Microsoft SDKs\Windows\v7.0A\bin\mt.exe /nologo /verbose /out:"Debug\Populate_Vector_With_Argument.exe.embed.manifest" /manifest Debug\Populate_Vector_With_Argument.exe.intermediate.manifest
         All outputs are up-to-date.
       LinkEmbedManifest:
         All outputs are up-to-date.
         Populate_Vector_With_Argument.vcxproj -> C:\CPlusPlus\Populate_Vector_With_Argument\Debug\Populate_Vector_With_Argument.exe
       FinalizeBuildStatus:
         Deleting file "Debug\Populate_Vector_With_Argument.unsuccessfulbuild".
         Touching "Debug\Populate_Vector_With_Argument.lastbuildstate".
     1>Done Building Project "C:\CPlusPlus\Populate_Vector_With_Argument\Populate_Vector_With_Argument\Populate_Vector_With_Argument.vcxproj" (build target(s)).

Build succeeded.

Time Elapsed 00:00:01.38
