Build started 15/04/2012 6:13:53 PM.
     1>Project "C:\CPlusPlus\Final_Studying_Four\Final_Studying_Four\Final_Studying_Four.vcxproj" on node 2 (build target(s)).
     1>InitializeBuildStatus:
         Creating "Debug\Final_Studying_Four.unsuccessfulbuild" because "AlwaysCreate" was specified.
       ClCompile:
         c:\Program Files (x86)\Microsoft Visual Studio 10.0\VC\bin\CL.exe /c /ZI /nologo /W3 /WX- /Od /Oy- /D WIN32 /D _DEBUG /D _CONSOLE /D _UNICODE /D UNICODE /Gm /EHsc /RTC1 /MDd /GS /fp:precise /Zc:wchar_t /Zc:forScope /Fo"Debug\\" /Fd"Debug\vc100.pdb" /Gd /TP /analyze- /errorReport:prompt Final_Studying_Four.cpp
         Final_Studying_Four.cpp
       ManifestResourceCompile:
         All outputs are up-to-date.
       Link:
         c:\Program Files (x86)\Microsoft Visual Studio 10.0\VC\bin\link.exe /ERRORREPORT:PROMPT /OUT:"C:\CPlusPlus\Final_Studying_Four\Debug\Final_Studying_Four.exe" /INCREMENTAL /NOLOGO kernel32.lib user32.lib gdi32.lib winspool.lib comdlg32.lib advapi32.lib shell32.lib ole32.lib oleaut32.lib uuid.lib odbc32.lib odbccp32.lib /MANIFEST /ManifestFile:"Debug\Final_Studying_Four.exe.intermediate.manifest" /MANIFESTUAC:"level='asInvoker' uiAccess='false'" /DEBUG /PDB:"C:\CPlusPlus\Final_Studying_Four\Debug\Final_Studying_Four.pdb" /SUBSYSTEM:CONSOLE /TLBID:1 /DYNAMICBASE /NXCOMPAT /IMPLIB:"C:\CPlusPlus\Final_Studying_Four\Debug\Final_Studying_Four.lib" /MACHINE:X86 Debug\Final_Studying_Four.exe.embed.manifest.res
         Debug\Final_Studying_Four.obj
       Manifest:
         C:\Program Files (x86)\Microsoft SDKs\Windows\v7.0A\bin\mt.exe /nologo /verbose /out:"Debug\Final_Studying_Four.exe.embed.manifest" /manifest Debug\Final_Studying_Four.exe.intermediate.manifest
         All outputs are up-to-date.
       LinkEmbedManifest:
         All outputs are up-to-date.
         Final_Studying_Four.vcxproj -> C:\CPlusPlus\Final_Studying_Four\Debug\Final_Studying_Four.exe
       FinalizeBuildStatus:
         Deleting file "Debug\Final_Studying_Four.unsuccessfulbuild".
         Touching "Debug\Final_Studying_Four.lastbuildstate".
     1>Done Building Project "C:\CPlusPlus\Final_Studying_Four\Final_Studying_Four\Final_Studying_Four.vcxproj" (build target(s)).

Build succeeded.

Time Elapsed 00:00:03.90
