Build started 19/01/2012 4:25:00 PM.
     1>Project "C:\CPlusPlus\RegexDemo\RegexDemo\RegexDemo.vcxproj" on node 2 (build target(s)).
     1>PrepareForBuild:
         Creating directory "C:\CPlusPlus\RegexDemo\Debug\".
       InitializeBuildStatus:
         Creating "Debug\RegexDemo.unsuccessfulbuild" because "AlwaysCreate" was specified.
       ClCompile:
         c:\Program Files (x86)\Microsoft Visual Studio 10.0\VC\bin\CL.exe /c /ZI /nologo /W3 /WX- /Od /Oy- /D WIN32 /D _DEBUG /D _CONSOLE /D _UNICODE /D UNICODE /Gm /EHsc /RTC1 /MDd /GS /fp:precise /Zc:wchar_t /Zc:forScope /Fo"Debug\\" /Fd"Debug\vc100.pdb" /Gd /TP /analyze- /errorReport:prompt regex_demo.cpp
         regex_demo.cpp
       ManifestResourceCompile:
         C:\Program Files (x86)\Microsoft SDKs\Windows\v7.0A\bin\rc.exe /nologo /fo"Debug\RegexDemo.exe.embed.manifest.res" Debug\RegexDemo_manifest.rc 
       Link:
         c:\Program Files (x86)\Microsoft Visual Studio 10.0\VC\bin\link.exe /ERRORREPORT:PROMPT /OUT:"C:\CPlusPlus\RegexDemo\Debug\RegexDemo.exe" /INCREMENTAL /NOLOGO kernel32.lib user32.lib gdi32.lib winspool.lib comdlg32.lib advapi32.lib shell32.lib ole32.lib oleaut32.lib uuid.lib odbc32.lib odbccp32.lib /MANIFEST /ManifestFile:"Debug\RegexDemo.exe.intermediate.manifest" /MANIFESTUAC:"level='asInvoker' uiAccess='false'" /DEBUG /PDB:"C:\CPlusPlus\RegexDemo\Debug\RegexDemo.pdb" /SUBSYSTEM:CONSOLE /TLBID:1 /DYNAMICBASE /NXCOMPAT /IMPLIB:"C:\CPlusPlus\RegexDemo\Debug\RegexDemo.lib" /MACHINE:X86 Debug\RegexDemo.exe.embed.manifest.res
         Debug\regex_demo.obj
       Manifest:
         C:\Program Files (x86)\Microsoft SDKs\Windows\v7.0A\bin\mt.exe /nologo /verbose /out:"Debug\RegexDemo.exe.embed.manifest" /manifest Debug\RegexDemo.exe.intermediate.manifest
         C:\Program Files (x86)\Microsoft SDKs\Windows\v7.0A\bin\rc.exe /nologo /fo"Debug\RegexDemo.exe.embed.manifest.res" Debug\RegexDemo_manifest.rc 
       LinkEmbedManifest:
         c:\Program Files (x86)\Microsoft Visual Studio 10.0\VC\bin\link.exe /ERRORREPORT:PROMPT /OUT:"C:\CPlusPlus\RegexDemo\Debug\RegexDemo.exe" /INCREMENTAL /NOLOGO kernel32.lib user32.lib gdi32.lib winspool.lib comdlg32.lib advapi32.lib shell32.lib ole32.lib oleaut32.lib uuid.lib odbc32.lib odbccp32.lib /MANIFEST /ManifestFile:"Debug\RegexDemo.exe.intermediate.manifest" /MANIFESTUAC:"level='asInvoker' uiAccess='false'" /DEBUG /PDB:"C:\CPlusPlus\RegexDemo\Debug\RegexDemo.pdb" /SUBSYSTEM:CONSOLE /TLBID:1 /DYNAMICBASE /NXCOMPAT /IMPLIB:"C:\CPlusPlus\RegexDemo\Debug\RegexDemo.lib" /MACHINE:X86 Debug\RegexDemo.exe.embed.manifest.res
         Debug\regex_demo.obj
         RegexDemo.vcxproj -> C:\CPlusPlus\RegexDemo\Debug\RegexDemo.exe
       FinalizeBuildStatus:
         Deleting file "Debug\RegexDemo.unsuccessfulbuild".
         Touching "Debug\RegexDemo.lastbuildstate".
     1>Done Building Project "C:\CPlusPlus\RegexDemo\RegexDemo\RegexDemo.vcxproj" (build target(s)).

Build succeeded.

Time Elapsed 00:00:04.29
