Build started 01/02/2012 5:20:30 PM.
     1>Project "C:\CPlusPlus\VectorAlgorithms\VectorAlgorithms\VectorAlgorithms.vcxproj" on node 2 (build target(s)).
     1>InitializeBuildStatus:
         Creating "Debug\VectorAlgorithms.unsuccessfulbuild" because "AlwaysCreate" was specified.
       ClCompile:
         c:\Program Files (x86)\Microsoft Visual Studio 10.0\VC\bin\CL.exe /c /ZI /nologo /W3 /WX- /Od /Oy- /D WIN32 /D _DEBUG /D _CONSOLE /D _UNICODE /D UNICODE /Gm /EHsc /RTC1 /MDd /GS /fp:precise /Zc:wchar_t /Zc:forScope /Fo"Debug\\" /Fd"Debug\vc100.pdb" /Gd /TP /analyze- /errorReport:prompt VectorAlgorithms.cpp
         VectorAlgorithms.cpp
     1>c:\cplusplus\vectoralgorithms\vectoralgorithms\vectoralgorithms.cpp(108): warning C4715: 'countBigNum' : not all control paths return a value
       ManifestResourceCompile:
         All outputs are up-to-date.
       Link:
         c:\Program Files (x86)\Microsoft Visual Studio 10.0\VC\bin\link.exe /ERRORREPORT:PROMPT /OUT:"C:\CPlusPlus\VectorAlgorithms\Debug\VectorAlgorithms.exe" /INCREMENTAL /NOLOGO kernel32.lib user32.lib gdi32.lib winspool.lib comdlg32.lib advapi32.lib shell32.lib ole32.lib oleaut32.lib uuid.lib odbc32.lib odbccp32.lib /MANIFEST /ManifestFile:"Debug\VectorAlgorithms.exe.intermediate.manifest" /MANIFESTUAC:"level='asInvoker' uiAccess='false'" /DEBUG /PDB:"C:\CPlusPlus\VectorAlgorithms\Debug\VectorAlgorithms.pdb" /SUBSYSTEM:CONSOLE /TLBID:1 /DYNAMICBASE /NXCOMPAT /IMPLIB:"C:\CPlusPlus\VectorAlgorithms\Debug\VectorAlgorithms.lib" /MACHINE:X86 Debug\VectorAlgorithms.exe.embed.manifest.res
         Debug\VectorAlgorithms.obj
       Manifest:
         C:\Program Files (x86)\Microsoft SDKs\Windows\v7.0A\bin\mt.exe /nologo /verbose /out:"Debug\VectorAlgorithms.exe.embed.manifest" /manifest Debug\VectorAlgorithms.exe.intermediate.manifest
         All outputs are up-to-date.
       LinkEmbedManifest:
         All outputs are up-to-date.
         VectorAlgorithms.vcxproj -> C:\CPlusPlus\VectorAlgorithms\Debug\VectorAlgorithms.exe
       FinalizeBuildStatus:
         Deleting file "Debug\VectorAlgorithms.unsuccessfulbuild".
         Touching "Debug\VectorAlgorithms.lastbuildstate".
     1>Done Building Project "C:\CPlusPlus\VectorAlgorithms\VectorAlgorithms\VectorAlgorithms.vcxproj" (build target(s)).

Build succeeded.

Time Elapsed 00:00:02.36
