Build started 09/02/2012 4:45:25 PM.
     1>Project "C:\CPlusPlus\PrimeNumber\PrimeNumber\PrimeNumber.vcxproj" on node 2 (build target(s)).
     1>InitializeBuildStatus:
         Touching "Debug\PrimeNumber.unsuccessfulbuild".
       ClCompile:
         c:\Program Files (x86)\Microsoft Visual Studio 10.0\VC\bin\CL.exe /c /ZI /nologo /W3 /WX- /Od /Oy- /D WIN32 /D _DEBUG /D _CONSOLE /D _UNICODE /D UNICODE /Gm /EHsc /RTC1 /MDd /GS /fp:precise /Zc:wchar_t /Zc:forScope /Fo"Debug\\" /Fd"Debug\vc100.pdb" /Gd /TP /analyze- /errorReport:prompt PrimeNumber.cpp
         PrimeNumber.cpp
     1>c:\cplusplus\primenumber\primenumber\primenumber.cpp(35): warning C4715: 'isPrime' : not all control paths return a value
       ManifestResourceCompile:
         All outputs are up-to-date.
       Link:
         c:\Program Files (x86)\Microsoft Visual Studio 10.0\VC\bin\link.exe /ERRORREPORT:PROMPT /OUT:"C:\CPlusPlus\PrimeNumber\Debug\PrimeNumber.exe" /INCREMENTAL /NOLOGO kernel32.lib user32.lib gdi32.lib winspool.lib comdlg32.lib advapi32.lib shell32.lib ole32.lib oleaut32.lib uuid.lib odbc32.lib odbccp32.lib /MANIFEST /ManifestFile:"Debug\PrimeNumber.exe.intermediate.manifest" /MANIFESTUAC:"level='asInvoker' uiAccess='false'" /DEBUG /PDB:"C:\CPlusPlus\PrimeNumber\Debug\PrimeNumber.pdb" /SUBSYSTEM:CONSOLE /TLBID:1 /DYNAMICBASE /NXCOMPAT /IMPLIB:"C:\CPlusPlus\PrimeNumber\Debug\PrimeNumber.lib" /MACHINE:X86 Debug\PrimeNumber.exe.embed.manifest.res
         Debug\PrimeNumber.obj
       Manifest:
         C:\Program Files (x86)\Microsoft SDKs\Windows\v7.0A\bin\mt.exe /nologo /verbose /out:"Debug\PrimeNumber.exe.embed.manifest" /manifest Debug\PrimeNumber.exe.intermediate.manifest
         All outputs are up-to-date.
       LinkEmbedManifest:
         All outputs are up-to-date.
         PrimeNumber.vcxproj -> C:\CPlusPlus\PrimeNumber\Debug\PrimeNumber.exe
       FinalizeBuildStatus:
         Deleting file "Debug\PrimeNumber.unsuccessfulbuild".
         Touching "Debug\PrimeNumber.lastbuildstate".
     1>Done Building Project "C:\CPlusPlus\PrimeNumber\PrimeNumber\PrimeNumber.vcxproj" (build target(s)).

Build succeeded.

Time Elapsed 00:00:03.00
