Build started 04/04/2012 5:30:20 PM.
     1>Project "C:\CPlusPlus\Directory\Directory\Directory.vcxproj" on node 2 (build target(s)).
     1>InitializeBuildStatus:
         Creating "Debug\Directory.unsuccessfulbuild" because "AlwaysCreate" was specified.
       ClCompile:
         c:\Program Files (x86)\Microsoft Visual Studio 10.0\VC\bin\CL.exe /c /ZI /nologo /W3 /WX- /Od /Oy- /D WIN32 /D _DEBUG /D _CONSOLE /D _UNICODE /D UNICODE /Gm /EHsc /RTC1 /MDd /GS /fp:precise /Zc:wchar_t /Zc:forScope /Fo"Debug\\" /Fd"Debug\vc100.pdb" /Gd /TP /analyze- /errorReport:prompt DirectoryMain.cpp
         DirectoryMain.cpp
       ManifestResourceCompile:
         All outputs are up-to-date.
       Link:
         c:\Program Files (x86)\Microsoft Visual Studio 10.0\VC\bin\link.exe /ERRORREPORT:PROMPT /OUT:"C:\CPlusPlus\Directory\Debug\Directory.exe" /INCREMENTAL /NOLOGO kernel32.lib user32.lib gdi32.lib winspool.lib comdlg32.lib advapi32.lib shell32.lib ole32.lib oleaut32.lib uuid.lib odbc32.lib odbccp32.lib /MANIFEST /ManifestFile:"Debug\Directory.exe.intermediate.manifest" /MANIFESTUAC:"level='asInvoker' uiAccess='false'" /DEBUG /PDB:"C:\CPlusPlus\Directory\Debug\Directory.pdb" /SUBSYSTEM:CONSOLE /TLBID:1 /DYNAMICBASE /NXCOMPAT /IMPLIB:"C:\CPlusPlus\Directory\Debug\Directory.lib" /MACHINE:X86 Debug\Directory.exe.embed.manifest.res
         Debug\DirectoryMain.obj
       Manifest:
         C:\Program Files (x86)\Microsoft SDKs\Windows\v7.0A\bin\mt.exe /nologo /verbose /out:"Debug\Directory.exe.embed.manifest" /manifest Debug\Directory.exe.intermediate.manifest
         All outputs are up-to-date.
       LinkEmbedManifest:
         All outputs are up-to-date.
         Directory.vcxproj -> C:\CPlusPlus\Directory\Debug\Directory.exe
       FinalizeBuildStatus:
         Deleting file "Debug\Directory.unsuccessfulbuild".
         Touching "Debug\Directory.lastbuildstate".
     1>Done Building Project "C:\CPlusPlus\Directory\Directory\Directory.vcxproj" (build target(s)).

Build succeeded.

Time Elapsed 00:00:02.27
