C:\CPLUSPLUS\PROJECTTHREE\DEBUG\PROJECTTHREE.EXE
C:\CPLUSPLUS\PROJECTTHREE\DEBUG\PROJECTTHREE.ILK
C:\CPLUSPLUS\PROJECTTHREE\DEBUG\PROJECTTHREE.PDB
C:\CPlusPlus\ProjectThree\ProjectThree\Debug\cl.command.1.tlog
C:\CPlusPlus\ProjectThree\ProjectThree\Debug\CL.read.1.tlog
C:\CPlusPlus\ProjectThree\ProjectThree\Debug\CL.write.1.tlog
C:\CPlusPlus\ProjectThree\ProjectThree\Debug\link.10132.read.1.tlog
C:\CPlusPlus\ProjectThree\ProjectThree\Debug\link.10132.write.1.tlog
C:\CPlusPlus\ProjectThree\ProjectThree\Debug\link.10132-cvtres.read.1.tlog
C:\CPlusPlus\ProjectThree\ProjectThree\Debug\link.10132-cvtres.write.1.tlog
C:\CPlusPlus\ProjectThree\ProjectThree\Debug\link.1128.read.1.tlog
C:\CPlusPlus\ProjectThree\ProjectThree\Debug\link.1128.write.1.tlog
C:\CPlusPlus\ProjectThree\ProjectThree\Debug\link.1128-cvtres.read.1.tlog
C:\CPlusPlus\ProjectThree\ProjectThree\Debug\link.1128-cvtres.write.1.tlog
C:\CPlusPlus\ProjectThree\ProjectThree\Debug\link.1344.read.1.tlog
C:\CPlusPlus\ProjectThree\ProjectThree\Debug\link.1344.write.1.tlog
C:\CPlusPlus\ProjectThree\ProjectThree\Debug\link.1344-cvtres.read.1.tlog
C:\CPlusPlus\ProjectThree\ProjectThree\Debug\link.1344-cvtres.write.1.tlog
C:\CPlusPlus\ProjectThree\ProjectThree\Debug\link.1588.read.1.tlog
C:\CPlusPlus\ProjectThree\ProjectThree\Debug\link.1588.write.1.tlog
C:\CPlusPlus\ProjectThree\ProjectThree\Debug\link.1588-cvtres.read.1.tlog
C:\CPlusPlus\ProjectThree\ProjectThree\Debug\link.1588-cvtres.write.1.tlog
C:\CPlusPlus\ProjectThree\ProjectThree\Debug\link.2240.read.1.tlog
C:\CPlusPlus\ProjectThree\ProjectThree\Debug\link.2240.write.1.tlog
C:\CPlusPlus\ProjectThree\ProjectThree\Debug\link.2240-cvtres.read.1.tlog
C:\CPlusPlus\ProjectThree\ProjectThree\Debug\link.2240-cvtres.write.1.tlog
C:\CPlusPlus\ProjectThree\ProjectThree\Debug\link.2732.read.1.tlog
C:\CPlusPlus\ProjectThree\ProjectThree\Debug\link.2732.write.1.tlog
C:\CPlusPlus\ProjectThree\ProjectThree\Debug\link.2732-cvtres.read.1.tlog
C:\CPlusPlus\ProjectThree\ProjectThree\Debug\link.2732-cvtres.write.1.tlog
C:\CPlusPlus\ProjectThree\ProjectThree\Debug\link.3428.read.1.tlog
C:\CPlusPlus\ProjectThree\ProjectThree\Debug\link.3428.write.1.tlog
C:\CPlusPlus\ProjectThree\ProjectThree\Debug\link.3428-cvtres.read.1.tlog
C:\CPlusPlus\ProjectThree\ProjectThree\Debug\link.3428-cvtres.write.1.tlog
C:\CPlusPlus\ProjectThree\ProjectThree\Debug\link.3624.read.1.tlog
C:\CPlusPlus\ProjectThree\ProjectThree\Debug\link.3624.write.1.tlog
C:\CPlusPlus\ProjectThree\ProjectThree\Debug\link.3624-cvtres.read.1.tlog
C:\CPlusPlus\ProjectThree\ProjectThree\Debug\link.3624-cvtres.write.1.tlog
C:\CPlusPlus\ProjectThree\ProjectThree\Debug\link.4244.read.1.tlog
C:\CPlusPlus\ProjectThree\ProjectThree\Debug\link.4244.write.1.tlog
C:\CPlusPlus\ProjectThree\ProjectThree\Debug\link.4244-cvtres.read.1.tlog
C:\CPlusPlus\ProjectThree\ProjectThree\Debug\link.4244-cvtres.write.1.tlog
C:\CPlusPlus\ProjectThree\ProjectThree\Debug\link.4476.read.1.tlog
C:\CPlusPlus\ProjectThree\ProjectThree\Debug\link.4476.write.1.tlog
C:\CPlusPlus\ProjectThree\ProjectThree\Debug\link.4476-cvtres.read.1.tlog
C:\CPlusPlus\ProjectThree\ProjectThree\Debug\link.4476-cvtres.write.1.tlog
C:\CPlusPlus\ProjectThree\ProjectThree\Debug\link.4720.read.1.tlog
C:\CPlusPlus\ProjectThree\ProjectThree\Debug\link.4720.write.1.tlog
C:\CPlusPlus\ProjectThree\ProjectThree\Debug\link.4720-cvtres.read.1.tlog
C:\CPlusPlus\ProjectThree\ProjectThree\Debug\link.4720-cvtres.write.1.tlog
C:\CPlusPlus\ProjectThree\ProjectThree\Debug\link.5128.read.1.tlog
C:\CPlusPlus\ProjectThree\ProjectThree\Debug\link.5128.write.1.tlog
C:\CPlusPlus\ProjectThree\ProjectThree\Debug\link.5128-cvtres.read.1.tlog
C:\CPlusPlus\ProjectThree\ProjectThree\Debug\link.5128-cvtres.write.1.tlog
C:\CPlusPlus\ProjectThree\ProjectThree\Debug\link.5384.read.1.tlog
C:\CPlusPlus\ProjectThree\ProjectThree\Debug\link.5384.write.1.tlog
C:\CPlusPlus\ProjectThree\ProjectThree\Debug\link.5384-cvtres.read.1.tlog
C:\CPlusPlus\ProjectThree\ProjectThree\Debug\link.5384-cvtres.write.1.tlog
C:\CPlusPlus\ProjectThree\ProjectThree\Debug\link.6044.read.1.tlog
C:\CPlusPlus\ProjectThree\ProjectThree\Debug\link.6044.write.1.tlog
C:\CPlusPlus\ProjectThree\ProjectThree\Debug\link.6044-cvtres.read.1.tlog
C:\CPlusPlus\ProjectThree\ProjectThree\Debug\link.6044-cvtres.write.1.tlog
C:\CPlusPlus\ProjectThree\ProjectThree\Debug\link.6184.read.1.tlog
C:\CPlusPlus\ProjectThree\ProjectThree\Debug\link.6184.write.1.tlog
C:\CPlusPlus\ProjectThree\ProjectThree\Debug\link.6184-cvtres.read.1.tlog
C:\CPlusPlus\ProjectThree\ProjectThree\Debug\link.6184-cvtres.write.1.tlog
C:\CPlusPlus\ProjectThree\ProjectThree\Debug\link.6228.read.1.tlog
C:\CPlusPlus\ProjectThree\ProjectThree\Debug\link.6228.write.1.tlog
C:\CPlusPlus\ProjectThree\ProjectThree\Debug\link.6228-cvtres.read.1.tlog
C:\CPlusPlus\ProjectThree\ProjectThree\Debug\link.6228-cvtres.write.1.tlog
C:\CPlusPlus\ProjectThree\ProjectThree\Debug\link.6432.read.1.tlog
C:\CPlusPlus\ProjectThree\ProjectThree\Debug\link.6432.write.1.tlog
C:\CPlusPlus\ProjectThree\ProjectThree\Debug\link.6432-cvtres.read.1.tlog
C:\CPlusPlus\ProjectThree\ProjectThree\Debug\link.6432-cvtres.write.1.tlog
C:\CPlusPlus\ProjectThree\ProjectThree\Debug\link.6620.read.1.tlog
C:\CPlusPlus\ProjectThree\ProjectThree\Debug\link.6620.write.1.tlog
C:\CPlusPlus\ProjectThree\ProjectThree\Debug\link.6620-cvtres.read.1.tlog
C:\CPlusPlus\ProjectThree\ProjectThree\Debug\link.6620-cvtres.write.1.tlog
C:\CPlusPlus\ProjectThree\ProjectThree\Debug\link.6784.read.1.tlog
C:\CPlusPlus\ProjectThree\ProjectThree\Debug\link.6784.write.1.tlog
C:\CPlusPlus\ProjectThree\ProjectThree\Debug\link.6784-cvtres.read.1.tlog
C:\CPlusPlus\ProjectThree\ProjectThree\Debug\link.6784-cvtres.write.1.tlog
C:\CPlusPlus\ProjectThree\ProjectThree\Debug\link.7216.read.1.tlog
C:\CPlusPlus\ProjectThree\ProjectThree\Debug\link.7216.write.1.tlog
C:\CPlusPlus\ProjectThree\ProjectThree\Debug\link.7216-cvtres.read.1.tlog
C:\CPlusPlus\ProjectThree\ProjectThree\Debug\link.7216-cvtres.write.1.tlog
C:\CPlusPlus\ProjectThree\ProjectThree\Debug\link.7432.read.1.tlog
C:\CPlusPlus\ProjectThree\ProjectThree\Debug\link.7432.write.1.tlog
C:\CPlusPlus\ProjectThree\ProjectThree\Debug\link.7432-cvtres.read.1.tlog
C:\CPlusPlus\ProjectThree\ProjectThree\Debug\link.7432-cvtres.write.1.tlog
C:\CPlusPlus\ProjectThree\ProjectThree\Debug\link.7452.read.1.tlog
C:\CPlusPlus\ProjectThree\ProjectThree\Debug\link.7452.write.1.tlog
C:\CPlusPlus\ProjectThree\ProjectThree\Debug\link.7452-cvtres.read.1.tlog
C:\CPlusPlus\ProjectThree\ProjectThree\Debug\link.7452-cvtres.write.1.tlog
C:\CPlusPlus\ProjectThree\ProjectThree\Debug\link.7568.read.1.tlog
C:\CPlusPlus\ProjectThree\ProjectThree\Debug\link.7568.write.1.tlog
C:\CPlusPlus\ProjectThree\ProjectThree\Debug\link.7568-cvtres.read.1.tlog
C:\CPlusPlus\ProjectThree\ProjectThree\Debug\link.7568-cvtres.write.1.tlog
C:\CPlusPlus\ProjectThree\ProjectThree\Debug\link.7992.read.1.tlog
C:\CPlusPlus\ProjectThree\ProjectThree\Debug\link.7992.write.1.tlog
C:\CPlusPlus\ProjectThree\ProjectThree\Debug\link.7992-cvtres.read.1.tlog
C:\CPlusPlus\ProjectThree\ProjectThree\Debug\link.7992-cvtres.write.1.tlog
C:\CPlusPlus\ProjectThree\ProjectThree\Debug\link.8508.read.1.tlog
C:\CPlusPlus\ProjectThree\ProjectThree\Debug\link.8508.write.1.tlog
C:\CPlusPlus\ProjectThree\ProjectThree\Debug\link.8508-cvtres.read.1.tlog
C:\CPlusPlus\ProjectThree\ProjectThree\Debug\link.8508-cvtres.write.1.tlog
C:\CPlusPlus\ProjectThree\ProjectThree\Debug\link.8592.read.1.tlog
C:\CPlusPlus\ProjectThree\ProjectThree\Debug\link.8592.write.1.tlog
C:\CPlusPlus\ProjectThree\ProjectThree\Debug\link.8592-cvtres.read.1.tlog
C:\CPlusPlus\ProjectThree\ProjectThree\Debug\link.8592-cvtres.write.1.tlog
C:\CPlusPlus\ProjectThree\ProjectThree\Debug\link.8636.read.1.tlog
C:\CPlusPlus\ProjectThree\ProjectThree\Debug\link.8636.write.1.tlog
C:\CPlusPlus\ProjectThree\ProjectThree\Debug\link.8636-cvtres.read.1.tlog
C:\CPlusPlus\ProjectThree\ProjectThree\Debug\link.8636-cvtres.write.1.tlog
C:\CPlusPlus\ProjectThree\ProjectThree\Debug\link.8804.read.1.tlog
C:\CPlusPlus\ProjectThree\ProjectThree\Debug\link.8804.write.1.tlog
C:\CPlusPlus\ProjectThree\ProjectThree\Debug\link.8804-cvtres.read.1.tlog
C:\CPlusPlus\ProjectThree\ProjectThree\Debug\link.8804-cvtres.write.1.tlog
C:\CPlusPlus\ProjectThree\ProjectThree\Debug\link.8840.read.1.tlog
C:\CPlusPlus\ProjectThree\ProjectThree\Debug\link.8840.write.1.tlog
C:\CPlusPlus\ProjectThree\ProjectThree\Debug\link.8840-cvtres.read.1.tlog
C:\CPlusPlus\ProjectThree\ProjectThree\Debug\link.8840-cvtres.write.1.tlog
C:\CPlusPlus\ProjectThree\ProjectThree\Debug\link.9000.read.1.tlog
C:\CPlusPlus\ProjectThree\ProjectThree\Debug\link.9000.write.1.tlog
C:\CPlusPlus\ProjectThree\ProjectThree\Debug\link.9000-cvtres.read.1.tlog
C:\CPlusPlus\ProjectThree\ProjectThree\Debug\link.9000-cvtres.write.1.tlog
C:\CPlusPlus\ProjectThree\ProjectThree\Debug\link.9120.read.1.tlog
C:\CPlusPlus\ProjectThree\ProjectThree\Debug\link.9120.write.1.tlog
C:\CPlusPlus\ProjectThree\ProjectThree\Debug\link.9120-cvtres.read.1.tlog
C:\CPlusPlus\ProjectThree\ProjectThree\Debug\link.9120-cvtres.write.1.tlog
C:\CPlusPlus\ProjectThree\ProjectThree\Debug\link.command.1.tlog
C:\CPlusPlus\ProjectThree\ProjectThree\Debug\link.read.1.tlog
C:\CPlusPlus\ProjectThree\ProjectThree\Debug\link.write.1.tlog
C:\CPlusPlus\ProjectThree\ProjectThree\Debug\link-cvtres.read.1.tlog
C:\CPlusPlus\ProjectThree\ProjectThree\Debug\link-cvtres.write.1.tlog
C:\CPlusPlus\ProjectThree\ProjectThree\Debug\mt.command.1.tlog
C:\CPlusPlus\ProjectThree\ProjectThree\Debug\mt.read.1.tlog
C:\CPlusPlus\ProjectThree\ProjectThree\Debug\mt.write.1.tlog
C:\CPLUSPLUS\PROJECTTHREE\PROJECTTHREE\DEBUG\PROJECTTHREE.EXE.EMBED.MANIFEST
C:\CPLUSPLUS\PROJECTTHREE\PROJECTTHREE\DEBUG\PROJECTTHREE.EXE.EMBED.MANIFEST.RES
C:\CPLUSPLUS\PROJECTTHREE\PROJECTTHREE\DEBUG\PROJECTTHREE.EXE.INTERMEDIATE.MANIFEST
C:\CPLUSPLUS\PROJECTTHREE\PROJECTTHREE\DEBUG\PROJECTTHREE.OBJ
C:\CPlusPlus\ProjectThree\ProjectThree\Debug\ProjectThree_manifest.rc
C:\CPlusPlus\ProjectThree\ProjectThree\Debug\rc.command.1.tlog
C:\CPlusPlus\ProjectThree\ProjectThree\Debug\rc.read.1.tlog
C:\CPlusPlus\ProjectThree\ProjectThree\Debug\rc.write.1.tlog
C:\CPlusPlus\ProjectThree\ProjectThree\Debug\vc100.idb
C:\CPLUSPLUS\PROJECTTHREE\PROJECTTHREE\DEBUG\VC100.PDB
