Build started 10/01/2012 10:52:06 AM.
     1>Project "C:\CPlusPlus\EvaluateExpression\EvaluateExpression\EvaluateExpression.vcxproj" on node 2 (build target(s)).
     1>InitializeBuildStatus:
         Creating "Debug\EvaluateExpression.unsuccessfulbuild" because "AlwaysCreate" was specified.
       ClCompile:
         c:\Program Files (x86)\Microsoft Visual Studio 10.0\VC\bin\CL.exe /c /ZI /nologo /W3 /WX- /Od /Oy- /D WIN32 /D _DEBUG /D _CONSOLE /D _UNICODE /D UNICODE /Gm /EHsc /RTC1 /MDd /GS /fp:precise /Zc:wchar_t /Zc:forScope /Fo"Debug\\" /Fd"Debug\vc100.pdb" /Gd /TP /analyze- /errorReport:prompt EvaluateExpression.cpp
         EvaluateExpression.cpp
     1>c:\cplusplus\evaluateexpression\evaluateexpression\evaluateexpression.cpp(70): warning C4244: 'return' : conversion from 'double' to 'int', possible loss of data
       ManifestResourceCompile:
         All outputs are up-to-date.
       Link:
         c:\Program Files (x86)\Microsoft Visual Studio 10.0\VC\bin\link.exe /ERRORREPORT:PROMPT /OUT:"C:\CPlusPlus\EvaluateExpression\Debug\EvaluateExpression.exe" /INCREMENTAL /NOLOGO kernel32.lib user32.lib gdi32.lib winspool.lib comdlg32.lib advapi32.lib shell32.lib ole32.lib oleaut32.lib uuid.lib odbc32.lib odbccp32.lib /MANIFEST /ManifestFile:"Debug\EvaluateExpression.exe.intermediate.manifest" /MANIFESTUAC:"level='asInvoker' uiAccess='false'" /DEBUG /PDB:"C:\CPlusPlus\EvaluateExpression\Debug\EvaluateExpression.pdb" /SUBSYSTEM:CONSOLE /TLBID:1 /DYNAMICBASE /NXCOMPAT /IMPLIB:"C:\CPlusPlus\EvaluateExpression\Debug\EvaluateExpression.lib" /MACHINE:X86 Debug\EvaluateExpression.exe.embed.manifest.res
         Debug\EvaluateExpression.obj
       Manifest:
         C:\Program Files (x86)\Microsoft SDKs\Windows\v7.0A\bin\mt.exe /nologo /verbose /out:"Debug\EvaluateExpression.exe.embed.manifest" /manifest Debug\EvaluateExpression.exe.intermediate.manifest
         All outputs are up-to-date.
       LinkEmbedManifest:
         All outputs are up-to-date.
         EvaluateExpression.vcxproj -> C:\CPlusPlus\EvaluateExpression\Debug\EvaluateExpression.exe
       FinalizeBuildStatus:
         Deleting file "Debug\EvaluateExpression.unsuccessfulbuild".
         Touching "Debug\EvaluateExpression.lastbuildstate".
     1>Done Building Project "C:\CPlusPlus\EvaluateExpression\EvaluateExpression\EvaluateExpression.vcxproj" (build target(s)).

Build succeeded.

Time Elapsed 00:00:00.90
