Build started 23/02/2012 10:13:58 AM.
     1>Project "C:\CPlusPlus\Prime_Sieve_End\Prime_Sieve_End\Prime_Sieve_End.vcxproj" on node 2 (build target(s)).
     1>PrepareForBuild:
         Creating directory "C:\CPlusPlus\Prime_Sieve_End\Debug\".
       InitializeBuildStatus:
         Creating "Debug\Prime_Sieve_End.unsuccessfulbuild" because "AlwaysCreate" was specified.
       ClCompile:
         c:\Program Files (x86)\Microsoft Visual Studio 10.0\VC\bin\CL.exe /c /ZI /nologo /W3 /WX- /Od /Oy- /D WIN32 /D _DEBUG /D _CONSOLE /D _UNICODE /D UNICODE /Gm /EHsc /RTC1 /MDd /GS /fp:precise /Zc:wchar_t /Zc:forScope /Fo"Debug\\" /Fd"Debug\vc100.pdb" /Gd /TP /analyze- /errorReport:prompt "..\..\PrimeNumber - SieveEnd\PrimeNumber - SieveEnd.cpp"
         PrimeNumber - SieveEnd.cpp
       ManifestResourceCompile:
         C:\Program Files (x86)\Microsoft SDKs\Windows\v7.0A\bin\rc.exe /nologo /fo"Debug\Prime_Sieve_End.exe.embed.manifest.res" Debug\Prime_Sieve_End_manifest.rc 
       Link:
         c:\Program Files (x86)\Microsoft Visual Studio 10.0\VC\bin\link.exe /ERRORREPORT:PROMPT /OUT:"C:\CPlusPlus\Prime_Sieve_End\Debug\Prime_Sieve_End.exe" /INCREMENTAL /NOLOGO kernel32.lib user32.lib gdi32.lib winspool.lib comdlg32.lib advapi32.lib shell32.lib ole32.lib oleaut32.lib uuid.lib odbc32.lib odbccp32.lib /MANIFEST /ManifestFile:"Debug\Prime_Sieve_End.exe.intermediate.manifest" /MANIFESTUAC:"level='asInvoker' uiAccess='false'" /DEBUG /PDB:"C:\CPlusPlus\Prime_Sieve_End\Debug\Prime_Sieve_End.pdb" /SUBSYSTEM:CONSOLE /TLBID:1 /DYNAMICBASE /NXCOMPAT /IMPLIB:"C:\CPlusPlus\Prime_Sieve_End\Debug\Prime_Sieve_End.lib" /MACHINE:X86 Debug\Prime_Sieve_End.exe.embed.manifest.res
         "Debug\PrimeNumber - SieveEnd.obj"
       Manifest:
         C:\Program Files (x86)\Microsoft SDKs\Windows\v7.0A\bin\mt.exe /nologo /verbose /out:"Debug\Prime_Sieve_End.exe.embed.manifest" /manifest Debug\Prime_Sieve_End.exe.intermediate.manifest
         C:\Program Files (x86)\Microsoft SDKs\Windows\v7.0A\bin\rc.exe /nologo /fo"Debug\Prime_Sieve_End.exe.embed.manifest.res" Debug\Prime_Sieve_End_manifest.rc 
       LinkEmbedManifest:
         c:\Program Files (x86)\Microsoft Visual Studio 10.0\VC\bin\link.exe /ERRORREPORT:PROMPT /OUT:"C:\CPlusPlus\Prime_Sieve_End\Debug\Prime_Sieve_End.exe" /INCREMENTAL /NOLOGO kernel32.lib user32.lib gdi32.lib winspool.lib comdlg32.lib advapi32.lib shell32.lib ole32.lib oleaut32.lib uuid.lib odbc32.lib odbccp32.lib /MANIFEST /ManifestFile:"Debug\Prime_Sieve_End.exe.intermediate.manifest" /MANIFESTUAC:"level='asInvoker' uiAccess='false'" /DEBUG /PDB:"C:\CPlusPlus\Prime_Sieve_End\Debug\Prime_Sieve_End.pdb" /SUBSYSTEM:CONSOLE /TLBID:1 /DYNAMICBASE /NXCOMPAT /IMPLIB:"C:\CPlusPlus\Prime_Sieve_End\Debug\Prime_Sieve_End.lib" /MACHINE:X86 Debug\Prime_Sieve_End.exe.embed.manifest.res
         "Debug\PrimeNumber - SieveEnd.obj"
         Prime_Sieve_End.vcxproj -> C:\CPlusPlus\Prime_Sieve_End\Debug\Prime_Sieve_End.exe
       FinalizeBuildStatus:
         Deleting file "Debug\Prime_Sieve_End.unsuccessfulbuild".
         Touching "Debug\Prime_Sieve_End.lastbuildstate".
     1>Done Building Project "C:\CPlusPlus\Prime_Sieve_End\Prime_Sieve_End\Prime_Sieve_End.vcxproj" (build target(s)).

Build succeeded.

Time Elapsed 00:00:10.09
