Build started 01/02/2012 2:12:38 PM.
     1>Project "C:\CPlusPlus\VectorList\VectorList\VectorList.vcxproj" on node 2 (build target(s)).
     1>InitializeBuildStatus:
         Touching "Debug\VectorList.unsuccessfulbuild".
       ClCompile:
         c:\Program Files (x86)\Microsoft Visual Studio 10.0\VC\bin\CL.exe /c /ZI /nologo /W3 /WX- /Od /Oy- /D WIN32 /D _DEBUG /D _CONSOLE /D _UNICODE /D UNICODE /Gm /EHsc /RTC1 /MDd /GS /fp:precise /Zc:wchar_t /Zc:forScope /Fo"Debug\\" /Fd"Debug\vc100.pdb" /Gd /TP /analyze- /errorReport:prompt VectorList.cpp
         VectorList.cpp
       ManifestResourceCompile:
         All outputs are up-to-date.
       Link:
         c:\Program Files (x86)\Microsoft Visual Studio 10.0\VC\bin\link.exe /ERRORREPORT:PROMPT /OUT:"C:\CPlusPlus\VectorList\Debug\VectorList.exe" /INCREMENTAL /NOLOGO kernel32.lib user32.lib gdi32.lib winspool.lib comdlg32.lib advapi32.lib shell32.lib ole32.lib oleaut32.lib uuid.lib odbc32.lib odbccp32.lib /MANIFEST /ManifestFile:"Debug\VectorList.exe.intermediate.manifest" /MANIFESTUAC:"level='asInvoker' uiAccess='false'" /DEBUG /PDB:"C:\CPlusPlus\VectorList\Debug\VectorList.pdb" /SUBSYSTEM:CONSOLE /TLBID:1 /DYNAMICBASE /NXCOMPAT /IMPLIB:"C:\CPlusPlus\VectorList\Debug\VectorList.lib" /MACHINE:X86 Debug\VectorList.exe.embed.manifest.res
         Debug\VectorList.obj
       Manifest:
         C:\Program Files (x86)\Microsoft SDKs\Windows\v7.0A\bin\mt.exe /nologo /verbose /out:"Debug\VectorList.exe.embed.manifest" /manifest Debug\VectorList.exe.intermediate.manifest
         All outputs are up-to-date.
       LinkEmbedManifest:
         All outputs are up-to-date.
         VectorList.vcxproj -> C:\CPlusPlus\VectorList\Debug\VectorList.exe
       FinalizeBuildStatus:
         Deleting file "Debug\VectorList.unsuccessfulbuild".
         Touching "Debug\VectorList.lastbuildstate".
     1>Done Building Project "C:\CPlusPlus\VectorList\VectorList\VectorList.vcxproj" (build target(s)).

Build succeeded.

Time Elapsed 00:00:03.19
