C:\CPLUSPLUS\PASSBYEXAMPLE\DEBUG\PASSBYEXAMPLE.EXE
C:\CPLUSPLUS\PASSBYEXAMPLE\DEBUG\PASSBYEXAMPLE.ILK
C:\CPLUSPLUS\PASSBYEXAMPLE\DEBUG\PASSBYEXAMPLE.PDB
C:\CPlusPlus\PassByExample\PassByExample\Debug\cl.command.1.tlog
C:\CPlusPlus\PassByExample\PassByExample\Debug\CL.read.1.tlog
C:\CPlusPlus\PassByExample\PassByExample\Debug\CL.write.1.tlog
C:\CPlusPlus\PassByExample\PassByExample\Debug\link.2984.read.1.tlog
C:\CPlusPlus\PassByExample\PassByExample\Debug\link.2984.write.1.tlog
C:\CPlusPlus\PassByExample\PassByExample\Debug\link.2984-cvtres.read.1.tlog
C:\CPlusPlus\PassByExample\PassByExample\Debug\link.2984-cvtres.write.1.tlog
C:\CPlusPlus\PassByExample\PassByExample\Debug\link.command.1.tlog
C:\CPlusPlus\PassByExample\PassByExample\Debug\link.read.1.tlog
C:\CPlusPlus\PassByExample\PassByExample\Debug\link.write.1.tlog
C:\CPlusPlus\PassByExample\PassByExample\Debug\link-cvtres.read.1.tlog
C:\CPlusPlus\PassByExample\PassByExample\Debug\link-cvtres.write.1.tlog
C:\CPlusPlus\PassByExample\PassByExample\Debug\mt.command.1.tlog
C:\CPlusPlus\PassByExample\PassByExample\Debug\mt.read.1.tlog
C:\CPlusPlus\PassByExample\PassByExample\Debug\mt.write.1.tlog
C:\CPLUSPLUS\PASSBYEXAMPLE\PASSBYEXAMPLE\DEBUG\PASSBYEXAMPLE.EXE.EMBED.MANIFEST
C:\CPLUSPLUS\PASSBYEXAMPLE\PASSBYEXAMPLE\DEBUG\PASSBYEXAMPLE.EXE.EMBED.MANIFEST.RES
C:\CPLUSPLUS\PASSBYEXAMPLE\PASSBYEXAMPLE\DEBUG\PASSBYEXAMPLE.EXE.INTERMEDIATE.MANIFEST
C:\CPLUSPLUS\PASSBYEXAMPLE\PASSBYEXAMPLE\DEBUG\PASSBYEXAMPLE.OBJ
C:\CPlusPlus\PassByExample\PassByExample\Debug\PassByExample_manifest.rc
C:\CPlusPlus\PassByExample\PassByExample\Debug\rc.command.1.tlog
C:\CPlusPlus\PassByExample\PassByExample\Debug\rc.read.1.tlog
C:\CPlusPlus\PassByExample\PassByExample\Debug\rc.write.1.tlog
C:\CPlusPlus\PassByExample\PassByExample\Debug\vc100.idb
C:\CPLUSPLUS\PASSBYEXAMPLE\PASSBYEXAMPLE\DEBUG\VC100.PDB
