Build started 15/01/2012 3:15:58 PM.
     1>Project "C:\CPlusPlus\PassByExample\PassByExample\PassByExample.vcxproj" on node 2 (rebuild target(s)).
     1>_PrepareForClean:
         Deleting file "Debug\PassByExample.lastbuildstate".
       InitializeBuildStatus:
         Creating "Debug\PassByExample.unsuccessfulbuild" because "AlwaysCreate" was specified.
       ClCompile:
         c:\Program Files (x86)\Microsoft Visual Studio 10.0\VC\bin\CL.exe /c /ZI /nologo /W3 /WX- /Od /Oy- /D WIN32 /D _DEBUG /D _CONSOLE /D _UNICODE /D UNICODE /Gm /EHsc /RTC1 /MDd /GS /fp:precise /Zc:wchar_t /Zc:forScope /Fo"Debug\\" /Fd"Debug\vc100.pdb" /Gd /TP /analyze- /errorReport:prompt PassByExample.cpp
         PassByExample.cpp
       ManifestResourceCompile:
         C:\Program Files (x86)\Microsoft SDKs\Windows\v7.0A\bin\rc.exe /nologo /fo"Debug\PassByExample.exe.embed.manifest.res" Debug\PassByExample_manifest.rc 
       Link:
         c:\Program Files (x86)\Microsoft Visual Studio 10.0\VC\bin\link.exe /ERRORREPORT:PROMPT /OUT:"C:\CPlusPlus\PassByExample\Debug\PassByExample.exe" /INCREMENTAL /NOLOGO kernel32.lib user32.lib gdi32.lib winspool.lib comdlg32.lib advapi32.lib shell32.lib ole32.lib oleaut32.lib uuid.lib odbc32.lib odbccp32.lib /MANIFEST /ManifestFile:"Debug\PassByExample.exe.intermediate.manifest" /MANIFESTUAC:"level='asInvoker' uiAccess='false'" /DEBUG /PDB:"C:\CPlusPlus\PassByExample\Debug\PassByExample.pdb" /SUBSYSTEM:CONSOLE /TLBID:1 /DYNAMICBASE /NXCOMPAT /IMPLIB:"C:\CPlusPlus\PassByExample\Debug\PassByExample.lib" /MACHINE:X86 Debug\PassByExample.exe.embed.manifest.res
         Debug\PassByExample.obj
       Manifest:
         Deleting file "Debug\PassByExample.exe.embed.manifest".
         C:\Program Files (x86)\Microsoft SDKs\Windows\v7.0A\bin\mt.exe /nologo /verbose /out:"Debug\PassByExample.exe.embed.manifest" /manifest Debug\PassByExample.exe.intermediate.manifest
         C:\Program Files (x86)\Microsoft SDKs\Windows\v7.0A\bin\rc.exe /nologo /fo"Debug\PassByExample.exe.embed.manifest.res" Debug\PassByExample_manifest.rc 
       LinkEmbedManifest:
         c:\Program Files (x86)\Microsoft Visual Studio 10.0\VC\bin\link.exe /ERRORREPORT:PROMPT /OUT:"C:\CPlusPlus\PassByExample\Debug\PassByExample.exe" /INCREMENTAL /NOLOGO kernel32.lib user32.lib gdi32.lib winspool.lib comdlg32.lib advapi32.lib shell32.lib ole32.lib oleaut32.lib uuid.lib odbc32.lib odbccp32.lib /MANIFEST /ManifestFile:"Debug\PassByExample.exe.intermediate.manifest" /MANIFESTUAC:"level='asInvoker' uiAccess='false'" /DEBUG /PDB:"C:\CPlusPlus\PassByExample\Debug\PassByExample.pdb" /SUBSYSTEM:CONSOLE /TLBID:1 /DYNAMICBASE /NXCOMPAT /IMPLIB:"C:\CPlusPlus\PassByExample\Debug\PassByExample.lib" /MACHINE:X86 Debug\PassByExample.exe.embed.manifest.res
         Debug\PassByExample.obj
         PassByExample.vcxproj -> C:\CPlusPlus\PassByExample\Debug\PassByExample.exe
       FinalizeBuildStatus:
         Deleting file "Debug\PassByExample.unsuccessfulbuild".
         Touching "Debug\PassByExample.lastbuildstate".
     1>Done Building Project "C:\CPlusPlus\PassByExample\PassByExample\PassByExample.vcxproj" (rebuild target(s)).

Build succeeded.

Time Elapsed 00:00:02.25
