C:\CPLUSPLUS\PROJECTTWO\DEBUG\PROJECTTWO.EXE
C:\CPLUSPLUS\PROJECTTWO\DEBUG\PROJECTTWO.ILK
C:\CPLUSPLUS\PROJECTTWO\DEBUG\PROJECTTWO.PDB
C:\CPlusPlus\ProjectTwo\ProjectTwo\Debug\cl.command.1.tlog
C:\CPlusPlus\ProjectTwo\ProjectTwo\Debug\CL.read.1.tlog
C:\CPlusPlus\ProjectTwo\ProjectTwo\Debug\CL.write.1.tlog
C:\CPLUSPLUS\PROJECTTWO\PROJECTTWO\DEBUG\GREP.OBJ
C:\CPlusPlus\ProjectTwo\ProjectTwo\Debug\link.4080.read.1.tlog
C:\CPlusPlus\ProjectTwo\ProjectTwo\Debug\link.4080.write.1.tlog
C:\CPlusPlus\ProjectTwo\ProjectTwo\Debug\link.4080-cvtres.read.1.tlog
C:\CPlusPlus\ProjectTwo\ProjectTwo\Debug\link.4080-cvtres.write.1.tlog
C:\CPlusPlus\ProjectTwo\ProjectTwo\Debug\link.4652.read.1.tlog
C:\CPlusPlus\ProjectTwo\ProjectTwo\Debug\link.4652.write.1.tlog
C:\CPlusPlus\ProjectTwo\ProjectTwo\Debug\link.4652-cvtres.read.1.tlog
C:\CPlusPlus\ProjectTwo\ProjectTwo\Debug\link.4652-cvtres.write.1.tlog
C:\CPlusPlus\ProjectTwo\ProjectTwo\Debug\link.5632.read.1.tlog
C:\CPlusPlus\ProjectTwo\ProjectTwo\Debug\link.5632.write.1.tlog
C:\CPlusPlus\ProjectTwo\ProjectTwo\Debug\link.5632-cvtres.read.1.tlog
C:\CPlusPlus\ProjectTwo\ProjectTwo\Debug\link.5632-cvtres.write.1.tlog
C:\CPlusPlus\ProjectTwo\ProjectTwo\Debug\link.5900.read.1.tlog
C:\CPlusPlus\ProjectTwo\ProjectTwo\Debug\link.5900.write.1.tlog
C:\CPlusPlus\ProjectTwo\ProjectTwo\Debug\link.5900-cvtres.read.1.tlog
C:\CPlusPlus\ProjectTwo\ProjectTwo\Debug\link.5900-cvtres.write.1.tlog
C:\CPlusPlus\ProjectTwo\ProjectTwo\Debug\link.6184.read.1.tlog
C:\CPlusPlus\ProjectTwo\ProjectTwo\Debug\link.6184.write.1.tlog
C:\CPlusPlus\ProjectTwo\ProjectTwo\Debug\link.6184-cvtres.read.1.tlog
C:\CPlusPlus\ProjectTwo\ProjectTwo\Debug\link.6184-cvtres.write.1.tlog
C:\CPlusPlus\ProjectTwo\ProjectTwo\Debug\link.7952.read.1.tlog
C:\CPlusPlus\ProjectTwo\ProjectTwo\Debug\link.7952.write.1.tlog
C:\CPlusPlus\ProjectTwo\ProjectTwo\Debug\link.7952-cvtres.read.1.tlog
C:\CPlusPlus\ProjectTwo\ProjectTwo\Debug\link.7952-cvtres.write.1.tlog
C:\CPlusPlus\ProjectTwo\ProjectTwo\Debug\link.7964.read.1.tlog
C:\CPlusPlus\ProjectTwo\ProjectTwo\Debug\link.7964.write.1.tlog
C:\CPlusPlus\ProjectTwo\ProjectTwo\Debug\link.7964-cvtres.read.1.tlog
C:\CPlusPlus\ProjectTwo\ProjectTwo\Debug\link.7964-cvtres.write.1.tlog
C:\CPlusPlus\ProjectTwo\ProjectTwo\Debug\link.8308.read.1.tlog
C:\CPlusPlus\ProjectTwo\ProjectTwo\Debug\link.8308.write.1.tlog
C:\CPlusPlus\ProjectTwo\ProjectTwo\Debug\link.8308-cvtres.read.1.tlog
C:\CPlusPlus\ProjectTwo\ProjectTwo\Debug\link.8308-cvtres.write.1.tlog
C:\CPlusPlus\ProjectTwo\ProjectTwo\Debug\link.8464.read.1.tlog
C:\CPlusPlus\ProjectTwo\ProjectTwo\Debug\link.8464.write.1.tlog
C:\CPlusPlus\ProjectTwo\ProjectTwo\Debug\link.8464-cvtres.read.1.tlog
C:\CPlusPlus\ProjectTwo\ProjectTwo\Debug\link.8464-cvtres.write.1.tlog
C:\CPlusPlus\ProjectTwo\ProjectTwo\Debug\link.8500.read.1.tlog
C:\CPlusPlus\ProjectTwo\ProjectTwo\Debug\link.8500.write.1.tlog
C:\CPlusPlus\ProjectTwo\ProjectTwo\Debug\link.8500-cvtres.read.1.tlog
C:\CPlusPlus\ProjectTwo\ProjectTwo\Debug\link.8500-cvtres.write.1.tlog
C:\CPlusPlus\ProjectTwo\ProjectTwo\Debug\link.9112.read.1.tlog
C:\CPlusPlus\ProjectTwo\ProjectTwo\Debug\link.9112.write.1.tlog
C:\CPlusPlus\ProjectTwo\ProjectTwo\Debug\link.9112-cvtres.read.1.tlog
C:\CPlusPlus\ProjectTwo\ProjectTwo\Debug\link.9112-cvtres.write.1.tlog
C:\CPlusPlus\ProjectTwo\ProjectTwo\Debug\link.9884.read.1.tlog
C:\CPlusPlus\ProjectTwo\ProjectTwo\Debug\link.9884.write.1.tlog
C:\CPlusPlus\ProjectTwo\ProjectTwo\Debug\link.9884-cvtres.read.1.tlog
C:\CPlusPlus\ProjectTwo\ProjectTwo\Debug\link.9884-cvtres.write.1.tlog
C:\CPlusPlus\ProjectTwo\ProjectTwo\Debug\link.command.1.tlog
C:\CPlusPlus\ProjectTwo\ProjectTwo\Debug\link.read.1.tlog
C:\CPlusPlus\ProjectTwo\ProjectTwo\Debug\link.write.1.tlog
C:\CPlusPlus\ProjectTwo\ProjectTwo\Debug\link-cvtres.read.1.tlog
C:\CPlusPlus\ProjectTwo\ProjectTwo\Debug\link-cvtres.write.1.tlog
C:\CPlusPlus\ProjectTwo\ProjectTwo\Debug\mt.command.1.tlog
C:\CPlusPlus\ProjectTwo\ProjectTwo\Debug\mt.read.1.tlog
C:\CPlusPlus\ProjectTwo\ProjectTwo\Debug\mt.write.1.tlog
C:\CPLUSPLUS\PROJECTTWO\PROJECTTWO\DEBUG\PROJECTTWO.EXE.EMBED.MANIFEST
C:\CPLUSPLUS\PROJECTTWO\PROJECTTWO\DEBUG\PROJECTTWO.EXE.EMBED.MANIFEST.RES
C:\CPLUSPLUS\PROJECTTWO\PROJECTTWO\DEBUG\PROJECTTWO.EXE.INTERMEDIATE.MANIFEST
C:\CPlusPlus\ProjectTwo\ProjectTwo\Debug\ProjectTwo_manifest.rc
C:\CPlusPlus\ProjectTwo\ProjectTwo\Debug\rc.command.1.tlog
C:\CPlusPlus\ProjectTwo\ProjectTwo\Debug\rc.read.1.tlog
C:\CPlusPlus\ProjectTwo\ProjectTwo\Debug\rc.write.1.tlog
C:\CPlusPlus\ProjectTwo\ProjectTwo\Debug\vc100.idb
C:\CPLUSPLUS\PROJECTTWO\PROJECTTWO\DEBUG\VC100.PDB
