Build started 26/01/2012 4:25:28 PM.
     1>Project "C:\CPlusPlus\VectorDataTypes\VectorDataTypes\VectorDataTypes.vcxproj" on node 2 (build target(s)).
     1>InitializeBuildStatus:
         Creating "Debug\VectorDataTypes.unsuccessfulbuild" because "AlwaysCreate" was specified.
       ClCompile:
         c:\Program Files (x86)\Microsoft Visual Studio 10.0\VC\bin\CL.exe /c /ZI /nologo /W3 /WX- /Od /Oy- /D WIN32 /D _DEBUG /D _CONSOLE /D _UNICODE /D UNICODE /Gm /EHsc /RTC1 /MDd /GS /fp:precise /Zc:wchar_t /Zc:forScope /Fo"Debug\\" /Fd"Debug\vc100.pdb" /Gd /TP /analyze- /errorReport:prompt VectorDataTypes.cpp
         VectorDataTypes.cpp
       ManifestResourceCompile:
         All outputs are up-to-date.
       Link:
         c:\Program Files (x86)\Microsoft Visual Studio 10.0\VC\bin\link.exe /ERRORREPORT:PROMPT /OUT:"C:\CPlusPlus\VectorDataTypes\Debug\VectorDataTypes.exe" /INCREMENTAL /NOLOGO kernel32.lib user32.lib gdi32.lib winspool.lib comdlg32.lib advapi32.lib shell32.lib ole32.lib oleaut32.lib uuid.lib odbc32.lib odbccp32.lib /MANIFEST /ManifestFile:"Debug\VectorDataTypes.exe.intermediate.manifest" /MANIFESTUAC:"level='asInvoker' uiAccess='false'" /DEBUG /PDB:"C:\CPlusPlus\VectorDataTypes\Debug\VectorDataTypes.pdb" /SUBSYSTEM:CONSOLE /TLBID:1 /DYNAMICBASE /NXCOMPAT /IMPLIB:"C:\CPlusPlus\VectorDataTypes\Debug\VectorDataTypes.lib" /MACHINE:X86 Debug\VectorDataTypes.exe.embed.manifest.res
         Debug\VectorDataTypes.obj
       Manifest:
         C:\Program Files (x86)\Microsoft SDKs\Windows\v7.0A\bin\mt.exe /nologo /verbose /out:"Debug\VectorDataTypes.exe.embed.manifest" /manifest Debug\VectorDataTypes.exe.intermediate.manifest
         All outputs are up-to-date.
       LinkEmbedManifest:
         All outputs are up-to-date.
         VectorDataTypes.vcxproj -> C:\CPlusPlus\VectorDataTypes\Debug\VectorDataTypes.exe
       FinalizeBuildStatus:
         Deleting file "Debug\VectorDataTypes.unsuccessfulbuild".
         Touching "Debug\VectorDataTypes.lastbuildstate".
     1>Done Building Project "C:\CPlusPlus\VectorDataTypes\VectorDataTypes\VectorDataTypes.vcxproj" (build target(s)).

Build succeeded.

Time Elapsed 00:00:01.77
