Build started 14/04/2012 2:52:39 PM.
     1>Project "C:\CPlusPlus\Final_Studying_Two\Final_Studying_Two\Final_Studying_Two.vcxproj" on node 2 (build target(s)).
     1>InitializeBuildStatus:
         Touching "Debug\Final_Studying_Two.unsuccessfulbuild".
       ClCompile:
         All outputs are up-to-date.
       ManifestResourceCompile:
         All outputs are up-to-date.
       Link:
         c:\Program Files (x86)\Microsoft Visual Studio 10.0\VC\bin\link.exe /ERRORREPORT:PROMPT /OUT:"C:\CPlusPlus\Final_Studying_Two\Debug\Final_Studying_Two.exe" /INCREMENTAL /NOLOGO kernel32.lib user32.lib gdi32.lib winspool.lib comdlg32.lib advapi32.lib shell32.lib ole32.lib oleaut32.lib uuid.lib odbc32.lib odbccp32.lib /MANIFEST /ManifestFile:"Debug\Final_Studying_Two.exe.intermediate.manifest" /MANIFESTUAC:"level='asInvoker' uiAccess='false'" /DEBUG /PDB:"C:\CPlusPlus\Final_Studying_Two\Debug\Final_Studying_Two.pdb" /SUBSYSTEM:CONSOLE /TLBID:1 /DYNAMICBASE /NXCOMPAT /IMPLIB:"C:\CPlusPlus\Final_Studying_Two\Debug\Final_Studying_Two.lib" /MACHINE:X86 Debug\Final_Studying_Two.exe.embed.manifest.res
         Debug\Final_Studying_Two.obj
       Manifest:
         C:\Program Files (x86)\Microsoft SDKs\Windows\v7.0A\bin\mt.exe /nologo /verbose /out:"Debug\Final_Studying_Two.exe.embed.manifest" /manifest Debug\Final_Studying_Two.exe.intermediate.manifest
         All outputs are up-to-date.
       LinkEmbedManifest:
         All outputs are up-to-date.
         Final_Studying_Two.vcxproj -> C:\CPlusPlus\Final_Studying_Two\Debug\Final_Studying_Two.exe
       FinalizeBuildStatus:
         Deleting file "Debug\Final_Studying_Two.unsuccessfulbuild".
         Touching "Debug\Final_Studying_Two.lastbuildstate".
     1>Done Building Project "C:\CPlusPlus\Final_Studying_Two\Final_Studying_Two\Final_Studying_Two.vcxproj" (build target(s)).

Build succeeded.

Time Elapsed 00:00:00.39
