Build started 01/04/2012 12:31:31 PM.
     1>Project "C:\CPlusPlus\Project 3\Project 3\Project 3.vcxproj" on node 2 (build target(s)).
     1>InitializeBuildStatus:
         Creating "Debug\Project 3.unsuccessfulbuild" because "AlwaysCreate" was specified.
       ClCompile:
         c:\Program Files (x86)\Microsoft Visual Studio 10.0\VC\bin\CL.exe /c /ZI /nologo /W3 /WX- /Od /Oy- /D WIN32 /D _DEBUG /D _CONSOLE /D _UNICODE /D UNICODE /Gm /EHsc /RTC1 /MDd /GS /fp:precise /Zc:wchar_t /Zc:forScope /Fo"Debug\\" /Fd"Debug\vc100.pdb" /Gd /TP /analyze- /errorReport:prompt RGrep.cpp
         RGrep.cpp
     1>c:\cplusplus\project 3\project 3\rgrep.cpp(74): warning C4700: uninitialized local variable 'searchCounter' used
       ManifestResourceCompile:
         All outputs are up-to-date.
       Link:
         c:\Program Files (x86)\Microsoft Visual Studio 10.0\VC\bin\link.exe /ERRORREPORT:PROMPT /OUT:"C:\CPlusPlus\Project 3\Debug\Project 3.exe" /INCREMENTAL /NOLOGO kernel32.lib user32.lib gdi32.lib winspool.lib comdlg32.lib advapi32.lib shell32.lib ole32.lib oleaut32.lib uuid.lib odbc32.lib odbccp32.lib /MANIFEST /ManifestFile:"Debug\Project 3.exe.intermediate.manifest" /MANIFESTUAC:"level='asInvoker' uiAccess='false'" /DEBUG /PDB:"C:\CPlusPlus\Project 3\Debug\Project 3.pdb" /SUBSYSTEM:CONSOLE /TLBID:1 /DYNAMICBASE /NXCOMPAT /IMPLIB:"C:\CPlusPlus\Project 3\Debug\Project 3.lib" /MACHINE:X86 "Debug\Project 3.exe.embed.manifest.res"
         Debug\RGrep.obj
       Manifest:
         C:\Program Files (x86)\Microsoft SDKs\Windows\v7.0A\bin\mt.exe /nologo /verbose /out:"Debug\Project 3.exe.embed.manifest" /manifest "Debug\Project 3.exe.intermediate.manifest"
         All outputs are up-to-date.
       LinkEmbedManifest:
         All outputs are up-to-date.
         Project 3.vcxproj -> C:\CPlusPlus\Project 3\Debug\Project 3.exe
       FinalizeBuildStatus:
         Deleting file "Debug\Project 3.unsuccessfulbuild".
         Touching "Debug\Project 3.lastbuildstate".
     1>Done Building Project "C:\CPlusPlus\Project 3\Project 3\Project 3.vcxproj" (build target(s)).

Build succeeded.

Time Elapsed 00:00:01.16
